0 info it worked if it ends with ok
1 verbose cli [ '/usr/bin/nodejs', '/usr/local/bin/npm', 'run', 'build' ]
2 info using npm@3.10.10
3 info using node@v6.11.0
4 verbose run-script [ 'prebuild', 'build', 'postbuild' ]
5 info lifecycle wikistats@0.0.1~prebuild: wikistats@0.0.1
6 silly lifecycle wikistats@0.0.1~prebuild: no script for prebuild, continuing
7 info lifecycle wikistats@0.0.1~build: wikistats@0.0.1
8 verbose lifecycle wikistats@0.0.1~build: unsafe-perm in lifecycle true
9 verbose lifecycle wikistats@0.0.1~build: PATH: /usr/lib/node_modules/npm/bin/node-gyp-bin:/home/dan/projects/wikistats-prototype/node_modules/.bin:/home/dan/sdk/google-cloud-sdk/bin:~/projects/for-wmf/arcanist/bin:~/bin:/usr/local/sbin:/usr/local/bin:/usr/sbin:/usr/bin:/sbin:/bin:/usr/games:/usr/local/games:/home/dan/.rvm/bin:/home/dan/sdk/apache-storm-0.9.3/bin:/home/dan/sdk/android-sdk-linux/platform-tools:/home/dan/sdk/android-sdk-linux/tools
10 verbose lifecycle wikistats@0.0.1~build: CWD: /home/dan/projects/wikistats-prototype
11 silly lifecycle wikistats@0.0.1~build: Args: [ '-c',
11 silly lifecycle   'NODE_ENV=production webpack -p --config webpack/prod.config.js' ]
12 silly lifecycle wikistats@0.0.1~build: Returned: code: 2  signal: null
13 info lifecycle wikistats@0.0.1~build: Failed to exec build script
14 verbose stack Error: wikistats@0.0.1 build: `NODE_ENV=production webpack -p --config webpack/prod.config.js`
14 verbose stack Exit status 2
14 verbose stack     at EventEmitter.<anonymous> (/usr/lib/node_modules/npm/lib/utils/lifecycle.js:255:16)
14 verbose stack     at emitTwo (events.js:106:13)
14 verbose stack     at EventEmitter.emit (events.js:191:7)
14 verbose stack     at ChildProcess.<anonymous> (/usr/lib/node_modules/npm/lib/utils/spawn.js:40:14)
14 verbose stack     at emitTwo (events.js:106:13)
14 verbose stack     at ChildProcess.emit (events.js:191:7)
14 verbose stack     at maybeClose (internal/child_process.js:891:16)
14 verbose stack     at Process.ChildProcess._handle.onexit (internal/child_process.js:226:5)
15 verbose pkgid wikistats@0.0.1
16 verbose cwd /home/dan/projects/wikistats-prototype
17 error Linux 3.13.0-86-generic
18 error argv "/usr/bin/nodejs" "/usr/local/bin/npm" "run" "build"
19 error node v6.11.0
20 error npm  v3.10.10
21 error code ELIFECYCLE
22 error wikistats@0.0.1 build: `NODE_ENV=production webpack -p --config webpack/prod.config.js`
22 error Exit status 2
23 error Failed at the wikistats@0.0.1 build script 'NODE_ENV=production webpack -p --config webpack/prod.config.js'.
23 error Make sure you have the latest version of node.js and npm installed.
23 error If you do, this is most likely a problem with the wikistats package,
23 error not with npm itself.
23 error Tell the author that this fails on your system:
23 error     NODE_ENV=production webpack -p --config webpack/prod.config.js
23 error You can get information on how to open an issue for this project with:
23 error     npm bugs wikistats
23 error Or if that isn't available, you can get their info via:
23 error     npm owner ls wikistats
23 error There is likely additional logging output above.
24 verbose exit [ 1, true ]
